[
    {
        "gen/loss": 1.4250736236572266, 
        "elapsed_time": 220.67341995239258, 
        "dis/loss": 2.4025745391845703, 
        "iteration": 1000, 
        "epoch": 4
    }, 
    {
        "gen/loss": 2.4115049839019775, 
        "elapsed_time": 443.0333831310272, 
        "dis/loss": 1.7693148851394653, 
        "iteration": 2000, 
        "epoch": 8
    }, 
    {
        "gen/loss": 3.3835346698760986, 
        "elapsed_time": 666.3954501152039, 
        "dis/loss": 1.5159704685211182, 
        "iteration": 3000, 
        "epoch": 13
    }, 
    {
        "gen/loss": 4.005554676055908, 
        "elapsed_time": 890.1384871006012, 
        "dis/loss": 1.4323782920837402, 
        "iteration": 4000, 
        "epoch": 17
    }, 
    {
        "gen/loss": 4.404364109039307, 
        "elapsed_time": 1114.0312900543213, 
        "dis/loss": 1.374964714050293, 
        "iteration": 5000, 
        "epoch": 22
    }, 
    {
        "gen/loss": 4.52692985534668, 
        "elapsed_time": 1347.252079963684, 
        "dis/loss": 1.3520333766937256, 
        "iteration": 6000, 
        "epoch": 26
    }, 
    {
        "gen/loss": 4.803247451782227, 
        "elapsed_time": 1571.2285420894623, 
        "dis/loss": 1.3073853254318237, 
        "iteration": 7000, 
        "epoch": 30
    }, 
    {
        "gen/loss": 5.074633598327637, 
        "elapsed_time": 1795.2394721508026, 
        "dis/loss": 1.2684794664382935, 
        "iteration": 8000, 
        "epoch": 35
    }, 
    {
        "gen/loss": 5.293040752410889, 
        "elapsed_time": 2019.2841341495514, 
        "dis/loss": 1.2403944730758667, 
        "iteration": 9000, 
        "epoch": 39
    }, 
    {
        "gen/loss": 5.43585205078125, 
        "elapsed_time": 2243.3525669574738, 
        "dis/loss": 1.2273489236831665, 
        "iteration": 10000, 
        "epoch": 44
    }, 
    {
        "gen/loss": 5.663339614868164, 
        "elapsed_time": 2476.741058111191, 
        "dis/loss": 1.192327857017517, 
        "iteration": 11000, 
        "epoch": 48
    }, 
    {
        "gen/loss": 5.633922576904297, 
        "elapsed_time": 2700.8059141635895, 
        "dis/loss": 1.207582712173462, 
        "iteration": 12000, 
        "epoch": 53
    }, 
    {
        "gen/loss": 5.930739402770996, 
        "elapsed_time": 2924.8015370368958, 
        "dis/loss": 1.1523048877716064, 
        "iteration": 13000, 
        "epoch": 57
    }, 
    {
        "gen/loss": 6.07438325881958, 
        "elapsed_time": 3148.8630809783936, 
        "dis/loss": 1.1418883800506592, 
        "iteration": 14000, 
        "epoch": 61
    }, 
    {
        "gen/loss": 6.017091274261475, 
        "elapsed_time": 3372.9838721752167, 
        "dis/loss": 1.142410159111023, 
        "iteration": 15000, 
        "epoch": 66
    }, 
    {
        "gen/loss": 6.284240245819092, 
        "elapsed_time": 3606.219316005707, 
        "dis/loss": 1.1115124225616455, 
        "iteration": 16000, 
        "epoch": 70
    }, 
    {
        "gen/loss": 6.428243637084961, 
        "elapsed_time": 3830.261300086975, 
        "dis/loss": 1.0972908735275269, 
        "iteration": 17000, 
        "epoch": 75
    }, 
    {
        "gen/loss": 6.474453926086426, 
        "elapsed_time": 4054.848205089569, 
        "dis/loss": 1.0898897647857666, 
        "iteration": 18000, 
        "epoch": 79
    }, 
    {
        "gen/loss": 6.6751627922058105, 
        "elapsed_time": 4278.850340127945, 
        "dis/loss": 1.080743432044983, 
        "iteration": 19000, 
        "epoch": 83
    }, 
    {
        "gen/loss": 6.7752604484558105, 
        "elapsed_time": 4502.935218095779, 
        "dis/loss": 1.064151644706726, 
        "iteration": 20000, 
        "epoch": 88
    }, 
    {
        "gen/loss": 6.796077728271484, 
        "elapsed_time": 4736.267769098282, 
        "dis/loss": 1.0620595216751099, 
        "iteration": 21000, 
        "epoch": 92
    }, 
    {
        "gen/loss": 7.118122577667236, 
        "elapsed_time": 4960.277050018311, 
        "dis/loss": 1.0393283367156982, 
        "iteration": 22000, 
        "epoch": 97
    }, 
    {
        "gen/loss": 7.077236175537109, 
        "elapsed_time": 5184.308349132538, 
        "dis/loss": 1.0383378267288208, 
        "iteration": 23000, 
        "epoch": 101
    }, 
    {
        "gen/loss": 7.285083293914795, 
        "elapsed_time": 5408.326305150986, 
        "dis/loss": 1.0102088451385498, 
        "iteration": 24000, 
        "epoch": 106
    }, 
    {
        "gen/loss": 7.45761775970459, 
        "elapsed_time": 5632.357862949371, 
        "dis/loss": 0.9997809529304504, 
        "iteration": 25000, 
        "epoch": 110
    }, 
    {
        "gen/loss": 7.2891387939453125, 
        "elapsed_time": 5865.541056156158, 
        "dis/loss": 1.0144026279449463, 
        "iteration": 26000, 
        "epoch": 114
    }, 
    {
        "gen/loss": 7.664218902587891, 
        "elapsed_time": 6089.506623983383, 
        "dis/loss": 0.9818862676620483, 
        "iteration": 27000, 
        "epoch": 119
    }, 
    {
        "gen/loss": 7.802624702453613, 
        "elapsed_time": 6313.488482952118, 
        "dis/loss": 0.9813928604125977, 
        "iteration": 28000, 
        "epoch": 123
    }, 
    {
        "gen/loss": 7.94463586807251, 
        "elapsed_time": 6537.551067113876, 
        "dis/loss": 0.969291090965271, 
        "iteration": 29000, 
        "epoch": 128
    }, 
    {
        "gen/loss": 8.147388458251953, 
        "elapsed_time": 6761.578499078751, 
        "dis/loss": 0.9468069672584534, 
        "iteration": 30000, 
        "epoch": 132
    }, 
    {
        "gen/loss": 8.135296821594238, 
        "elapsed_time": 6994.750710010529, 
        "dis/loss": 0.9633454084396362, 
        "iteration": 31000, 
        "epoch": 136
    }, 
    {
        "gen/loss": 8.238726615905762, 
        "elapsed_time": 7218.772222042084, 
        "dis/loss": 0.9401025772094727, 
        "iteration": 32000, 
        "epoch": 141
    }, 
    {
        "gen/loss": 8.314579963684082, 
        "elapsed_time": 7442.840466976166, 
        "dis/loss": 0.9396251440048218, 
        "iteration": 33000, 
        "epoch": 145
    }, 
    {
        "gen/loss": 8.152198791503906, 
        "elapsed_time": 7666.906608104706, 
        "dis/loss": 0.9387068152427673, 
        "iteration": 34000, 
        "epoch": 150
    }, 
    {
        "gen/loss": 8.267911911010742, 
        "elapsed_time": 7890.8981239795685, 
        "dis/loss": 0.9290080070495605, 
        "iteration": 35000, 
        "epoch": 154
    }, 
    {
        "gen/loss": 8.452075958251953, 
        "elapsed_time": 8124.096649169922, 
        "dis/loss": 0.91286301612854, 
        "iteration": 36000, 
        "epoch": 159
    }, 
    {
        "gen/loss": 8.432294845581055, 
        "elapsed_time": 8348.069805145264, 
        "dis/loss": 0.9191397428512573, 
        "iteration": 37000, 
        "epoch": 163
    }, 
    {
        "gen/loss": 8.861414909362793, 
        "elapsed_time": 8572.118276119232, 
        "dis/loss": 0.8967176675796509, 
        "iteration": 38000, 
        "epoch": 167
    }, 
    {
        "gen/loss": 8.729720115661621, 
        "elapsed_time": 8796.174391031265, 
        "dis/loss": 0.8940298557281494, 
        "iteration": 39000, 
        "epoch": 172
    }, 
    {
        "gen/loss": 8.744781494140625, 
        "elapsed_time": 9020.173134088516, 
        "dis/loss": 0.8989145755767822, 
        "iteration": 40000, 
        "epoch": 176
    }, 
    {
        "gen/loss": 8.883207321166992, 
        "elapsed_time": 9253.541418075562, 
        "dis/loss": 0.8786422610282898, 
        "iteration": 41000, 
        "epoch": 181
    }, 
    {
        "gen/loss": 8.736124992370605, 
        "elapsed_time": 9477.49070096016, 
        "dis/loss": 0.885465681552887, 
        "iteration": 42000, 
        "epoch": 185
    }, 
    {
        "gen/loss": 8.554793357849121, 
        "elapsed_time": 9701.462811946869, 
        "dis/loss": 0.8926713466644287, 
        "iteration": 43000, 
        "epoch": 189
    }, 
    {
        "gen/loss": 9.143975257873535, 
        "elapsed_time": 9925.41280913353, 
        "dis/loss": 0.8596226572990417, 
        "iteration": 44000, 
        "epoch": 194
    }, 
    {
        "gen/loss": 9.176881790161133, 
        "elapsed_time": 10149.381340026855, 
        "dis/loss": 0.8532593250274658, 
        "iteration": 45000, 
        "epoch": 198
    }, 
    {
        "gen/loss": 9.555573463439941, 
        "elapsed_time": 10382.56638598442, 
        "dis/loss": 0.8336886763572693, 
        "iteration": 46000, 
        "epoch": 203
    }, 
    {
        "gen/loss": 9.167041778564453, 
        "elapsed_time": 10606.475615024567, 
        "dis/loss": 0.8732808828353882, 
        "iteration": 47000, 
        "epoch": 207
    }, 
    {
        "gen/loss": 9.757868766784668, 
        "elapsed_time": 10830.472882986069, 
        "dis/loss": 0.8108637928962708, 
        "iteration": 48000, 
        "epoch": 212
    }, 
    {
        "gen/loss": 10.320197105407715, 
        "elapsed_time": 11054.488937139511, 
        "dis/loss": 0.781918466091156, 
        "iteration": 49000, 
        "epoch": 216
    }, 
    {
        "gen/loss": 8.618395805358887, 
        "elapsed_time": 11278.463338136673, 
        "dis/loss": 0.9049057364463806, 
        "iteration": 50000, 
        "epoch": 220
    }, 
    {
        "gen/loss": 9.777524948120117, 
        "elapsed_time": 11511.702639102936, 
        "dis/loss": 0.8115227818489075, 
        "iteration": 51000, 
        "epoch": 225
    }, 
    {
        "gen/loss": 9.738574028015137, 
        "elapsed_time": 11735.628015995026, 
        "dis/loss": 0.827856183052063, 
        "iteration": 52000, 
        "epoch": 229
    }, 
    {
        "gen/loss": 9.792640686035156, 
        "elapsed_time": 11959.567270040512, 
        "dis/loss": 0.8176348209381104, 
        "iteration": 53000, 
        "epoch": 234
    }, 
    {
        "gen/loss": 10.465018272399902, 
        "elapsed_time": 12183.523664951324, 
        "dis/loss": 0.7819406986236572, 
        "iteration": 54000, 
        "epoch": 238
    }, 
    {
        "gen/loss": 10.179461479187012, 
        "elapsed_time": 12407.494668960571, 
        "dis/loss": 0.7905000448226929, 
        "iteration": 55000, 
        "epoch": 242
    }, 
    {
        "gen/loss": 10.434943199157715, 
        "elapsed_time": 12640.691545963287, 
        "dis/loss": 0.771041750907898, 
        "iteration": 56000, 
        "epoch": 247
    }, 
    {
        "gen/loss": 9.783259391784668, 
        "elapsed_time": 12864.680751085281, 
        "dis/loss": 0.8166883587837219, 
        "iteration": 57000, 
        "epoch": 251
    }, 
    {
        "gen/loss": 10.537662506103516, 
        "elapsed_time": 13088.619251012802, 
        "dis/loss": 0.7607137560844421, 
        "iteration": 58000, 
        "epoch": 256
    }, 
    {
        "gen/loss": 9.441627502441406, 
        "elapsed_time": 13312.650572061539, 
        "dis/loss": 0.8429504632949829, 
        "iteration": 59000, 
        "epoch": 260
    }, 
    {
        "gen/loss": 10.002481460571289, 
        "elapsed_time": 13536.617676973343, 
        "dis/loss": 0.7699313759803772, 
        "iteration": 60000, 
        "epoch": 265
    }, 
    {
        "gen/loss": 9.925928115844727, 
        "elapsed_time": 13769.851058959961, 
        "dis/loss": 0.7777720093727112, 
        "iteration": 61000, 
        "epoch": 269
    }, 
    {
        "gen/loss": 10.544384002685547, 
        "elapsed_time": 13993.830948114395, 
        "dis/loss": 0.7426407933235168, 
        "iteration": 62000, 
        "epoch": 273
    }, 
    {
        "gen/loss": 10.449868202209473, 
        "elapsed_time": 14217.832771062851, 
        "dis/loss": 0.7539078593254089, 
        "iteration": 63000, 
        "epoch": 278
    }, 
    {
        "gen/loss": 10.613795280456543, 
        "elapsed_time": 14441.826997995377, 
        "dis/loss": 0.7351030707359314, 
        "iteration": 64000, 
        "epoch": 282
    }, 
    {
        "gen/loss": 10.70884895324707, 
        "elapsed_time": 14665.846295118332, 
        "dis/loss": 0.7414870858192444, 
        "iteration": 65000, 
        "epoch": 287
    }, 
    {
        "gen/loss": 9.642925262451172, 
        "elapsed_time": 14899.072566986084, 
        "dis/loss": 0.8011787533760071, 
        "iteration": 66000, 
        "epoch": 291
    }, 
    {
        "gen/loss": 10.784663200378418, 
        "elapsed_time": 15123.001464128494, 
        "dis/loss": 0.6976041793823242, 
        "iteration": 67000, 
        "epoch": 295
    }, 
    {
        "gen/loss": 11.185067176818848, 
        "elapsed_time": 15346.933814048767, 
        "dis/loss": 0.6527802348136902, 
        "iteration": 68000, 
        "epoch": 300
    }, 
    {
        "gen/loss": 11.987817764282227, 
        "elapsed_time": 15570.910266160965, 
        "dis/loss": 0.6521598100662231, 
        "iteration": 69000, 
        "epoch": 304
    }, 
    {
        "gen/loss": 11.002582550048828, 
        "elapsed_time": 15794.84689617157, 
        "dis/loss": 0.743295431137085, 
        "iteration": 70000, 
        "epoch": 309
    }, 
    {
        "gen/loss": 9.565910339355469, 
        "elapsed_time": 16027.940083026886, 
        "dis/loss": 0.8416139483451843, 
        "iteration": 71000, 
        "epoch": 313
    }, 
    {
        "gen/loss": 9.201983451843262, 
        "elapsed_time": 16251.947224140167, 
        "dis/loss": 0.8438649773597717, 
        "iteration": 72000, 
        "epoch": 318
    }, 
    {
        "gen/loss": 9.114042282104492, 
        "elapsed_time": 16475.934443950653, 
        "dis/loss": 0.8391873240470886, 
        "iteration": 73000, 
        "epoch": 322
    }, 
    {
        "gen/loss": 9.45625114440918, 
        "elapsed_time": 16699.91779613495, 
        "dis/loss": 0.814089834690094, 
        "iteration": 74000, 
        "epoch": 326
    }, 
    {
        "gen/loss": 10.08983039855957, 
        "elapsed_time": 16923.9093170166, 
        "dis/loss": 0.7743768692016602, 
        "iteration": 75000, 
        "epoch": 331
    }, 
    {
        "gen/loss": 9.28295612335205, 
        "elapsed_time": 17156.984905958176, 
        "dis/loss": 0.8397709727287292, 
        "iteration": 76000, 
        "epoch": 335
    }, 
    {
        "gen/loss": 9.61876392364502, 
        "elapsed_time": 17380.90966105461, 
        "dis/loss": 0.8017901182174683, 
        "iteration": 77000, 
        "epoch": 340
    }, 
    {
        "gen/loss": 10.003552436828613, 
        "elapsed_time": 17604.884684085846, 
        "dis/loss": 0.7785099148750305, 
        "iteration": 78000, 
        "epoch": 344
    }, 
    {
        "gen/loss": 9.676668167114258, 
        "elapsed_time": 17828.849199056625, 
        "dis/loss": 0.8069663643836975, 
        "iteration": 79000, 
        "epoch": 348
    }, 
    {
        "gen/loss": 9.723885536193848, 
        "elapsed_time": 18052.879600048065, 
        "dis/loss": 0.7992289662361145, 
        "iteration": 80000, 
        "epoch": 353
    }, 
    {
        "gen/loss": 9.69395637512207, 
        "elapsed_time": 18285.960391044617, 
        "dis/loss": 0.7890902161598206, 
        "iteration": 81000, 
        "epoch": 357
    }, 
    {
        "gen/loss": 10.290474891662598, 
        "elapsed_time": 18509.960720062256, 
        "dis/loss": 0.7586358785629272, 
        "iteration": 82000, 
        "epoch": 362
    }, 
    {
        "gen/loss": 9.995257377624512, 
        "elapsed_time": 18733.951423168182, 
        "dis/loss": 0.78444504737854, 
        "iteration": 83000, 
        "epoch": 366
    }, 
    {
        "gen/loss": 10.019104957580566, 
        "elapsed_time": 18957.92637515068, 
        "dis/loss": 0.7772175073623657, 
        "iteration": 84000, 
        "epoch": 371
    }, 
    {
        "gen/loss": 10.058734893798828, 
        "elapsed_time": 19181.938549995422, 
        "dis/loss": 0.7675039768218994, 
        "iteration": 85000, 
        "epoch": 375
    }, 
    {
        "gen/loss": 10.46088981628418, 
        "elapsed_time": 19415.19815802574, 
        "dis/loss": 0.7355053424835205, 
        "iteration": 86000, 
        "epoch": 379
    }, 
    {
        "gen/loss": 11.0491361618042, 
        "elapsed_time": 19639.22287106514, 
        "dis/loss": 0.7162570953369141, 
        "iteration": 87000, 
        "epoch": 384
    }, 
    {
        "gen/loss": 10.147428512573242, 
        "elapsed_time": 19863.220870018005, 
        "dis/loss": 0.7774944305419922, 
        "iteration": 88000, 
        "epoch": 388
    }, 
    {
        "gen/loss": 9.61550235748291, 
        "elapsed_time": 20087.18170595169, 
        "dis/loss": 0.7873472571372986, 
        "iteration": 89000, 
        "epoch": 393
    }, 
    {
        "gen/loss": 9.978372573852539, 
        "elapsed_time": 20311.237951993942, 
        "dis/loss": 0.7603166103363037, 
        "iteration": 90000, 
        "epoch": 397
    }, 
    {
        "gen/loss": 10.102477073669434, 
        "elapsed_time": 20544.944854021072, 
        "dis/loss": 0.7614175081253052, 
        "iteration": 91000, 
        "epoch": 401
    }, 
    {
        "gen/loss": 9.84101390838623, 
        "elapsed_time": 20769.07541012764, 
        "dis/loss": 0.7934529781341553, 
        "iteration": 92000, 
        "epoch": 406
    }, 
    {
        "gen/loss": 9.432558059692383, 
        "elapsed_time": 20993.105098962784, 
        "dis/loss": 0.790176510810852, 
        "iteration": 93000, 
        "epoch": 410
    }, 
    {
        "gen/loss": 10.392475128173828, 
        "elapsed_time": 21217.04884505272, 
        "dis/loss": 0.718241810798645, 
        "iteration": 94000, 
        "epoch": 415
    }, 
    {
        "gen/loss": 10.717795372009277, 
        "elapsed_time": 21441.067209005356, 
        "dis/loss": 0.7090049982070923, 
        "iteration": 95000, 
        "epoch": 419
    }, 
    {
        "gen/loss": 10.195218086242676, 
        "elapsed_time": 21674.150859117508, 
        "dis/loss": 0.7524510622024536, 
        "iteration": 96000, 
        "epoch": 424
    }, 
    {
        "gen/loss": 9.700827598571777, 
        "elapsed_time": 21898.11482000351, 
        "dis/loss": 0.7715904116630554, 
        "iteration": 97000, 
        "epoch": 428
    }, 
    {
        "gen/loss": 10.015581130981445, 
        "elapsed_time": 22122.07097005844, 
        "dis/loss": 0.7402266263961792, 
        "iteration": 98000, 
        "epoch": 432
    }, 
    {
        "gen/loss": 10.539410591125488, 
        "elapsed_time": 22346.040523052216, 
        "dis/loss": 0.7147250175476074, 
        "iteration": 99000, 
        "epoch": 437
    }, 
    {
        "gen/loss": 10.479033470153809, 
        "elapsed_time": 22570.046880960464, 
        "dis/loss": 0.7315016388893127, 
        "iteration": 100000, 
        "epoch": 441
    }, 
    {
        "gen/loss": 10.059735298156738, 
        "elapsed_time": 22803.06417608261, 
        "dis/loss": 0.7523429989814758, 
        "iteration": 101000, 
        "epoch": 446
    }, 
    {
        "gen/loss": 10.154923439025879, 
        "elapsed_time": 23027.014866113663, 
        "dis/loss": 0.7475267052650452, 
        "iteration": 102000, 
        "epoch": 450
    }, 
    {
        "gen/loss": 9.721137046813965, 
        "elapsed_time": 23251.009701013565, 
        "dis/loss": 0.7554356455802917, 
        "iteration": 103000, 
        "epoch": 454
    }, 
    {
        "gen/loss": 10.224967956542969, 
        "elapsed_time": 23474.969283103943, 
        "dis/loss": 0.7248640060424805, 
        "iteration": 104000, 
        "epoch": 459
    }, 
    {
        "gen/loss": 10.8087797164917, 
        "elapsed_time": 23698.977319955826, 
        "dis/loss": 0.7021360993385315, 
        "iteration": 105000, 
        "epoch": 463
    }, 
    {
        "gen/loss": 9.755072593688965, 
        "elapsed_time": 23932.08269095421, 
        "dis/loss": 0.7645451426506042, 
        "iteration": 106000, 
        "epoch": 468
    }, 
    {
        "gen/loss": 10.58042049407959, 
        "elapsed_time": 24156.034784078598, 
        "dis/loss": 0.7114202976226807, 
        "iteration": 107000, 
        "epoch": 472
    }, 
    {
        "gen/loss": 10.525671005249023, 
        "elapsed_time": 24379.97713494301, 
        "dis/loss": 0.716041088104248, 
        "iteration": 108000, 
        "epoch": 477
    }, 
    {
        "gen/loss": 9.751860618591309, 
        "elapsed_time": 24604.012814044952, 
        "dis/loss": 0.7665144205093384, 
        "iteration": 109000, 
        "epoch": 481
    }, 
    {
        "gen/loss": 10.219640731811523, 
        "elapsed_time": 24828.112818956375, 
        "dis/loss": 0.729022204875946, 
        "iteration": 110000, 
        "epoch": 485
    }, 
    {
        "gen/loss": 10.587627410888672, 
        "elapsed_time": 25061.259747982025, 
        "dis/loss": 0.7035898566246033, 
        "iteration": 111000, 
        "epoch": 490
    }, 
    {
        "gen/loss": 10.737431526184082, 
        "elapsed_time": 25285.18139910698, 
        "dis/loss": 0.7107994556427002, 
        "iteration": 112000, 
        "epoch": 494
    }, 
    {
        "gen/loss": 10.493040084838867, 
        "elapsed_time": 25509.08834004402, 
        "dis/loss": 0.7319534420967102, 
        "iteration": 113000, 
        "epoch": 499
    }
]